[2026-03-22T11:38:59.171Z] [Payment Webhook DEBUG] SUCCESS received for order_id: b5724fa3-999c-4210-8c54-fb6bdd7ead3a
[2026-03-22T11:38:59.176Z] [Payment Webhook DEBUG] Full Body: {"merchant_id":"1234614","order_id":"b5724fa3-999c-4210-8c54-fb6bdd7ead3a","payhere_amount":"25010.00","payhere_currency":"LKR","status_code":"2","md5sig":"SIMULATED_SIGNATURE","payment_id":"PAY-72PKFR"}
[2026-03-22T11:38:59.216Z] [Payment Webhook DEBUG] Found EventVendor: b5724fa3-999c-4210-8c54-fb6bdd7ead3a, Current Status: APPROVED
[2026-03-22T11:38:59.220Z] [Payment Webhook DEBUG] Attempting EventVendor Update (status: ADVANCE_PAID, advancePaid: 25000)
[2026-03-22T11:38:59.260Z] [Payment Webhook DEBUG] EventVendor Update SUCCESS. New Status: ADVANCE_PAID
[2026-03-22T11:38:59.262Z] [Payment Webhook DEBUG] Attempting Transaction Creation. userId: 22222222-2222-2222-2222-222222222222
[2026-03-22T11:38:59.289Z] [Payment Webhook DEBUG] Transaction Creation SUCCESS: 0042702b-e4de-43ff-9a00-269db904c383
[2026-03-22T11:38:59.291Z] [Payment Webhook DEBUG] Proceeding to Notifications
[2026-03-22T11:38:59.316Z] [Payment Webhook DEBUG] Vendor notification sent
[2026-03-22T11:38:59.345Z] [Payment Webhook DEBUG] Client notification and socket sent
[2026-03-22T11:43:28.322Z] [Payment Webhook DEBUG] SUCCESS received for order_id: 67ef3329-932c-4d1a-8004-39e59c7a5846
[2026-03-22T11:43:28.323Z] [Payment Webhook DEBUG] Full Body: {"merchant_id":"1234614","order_id":"67ef3329-932c-4d1a-8004-39e59c7a5846","payhere_amount":"25010.00","payhere_currency":"LKR","status_code":"2","md5sig":"SIMULATED_SIGNATURE","payment_id":"PAY-8XKFLH"}
[2026-03-22T11:43:28.329Z] [Payment Webhook DEBUG] SUCCESS received for order_id: 67ef3329-932c-4d1a-8004-39e59c7a5846
[2026-03-22T11:43:28.330Z] [Payment Webhook DEBUG] Full Body: {"merchant_id":"1234614","order_id":"67ef3329-932c-4d1a-8004-39e59c7a5846","payhere_amount":"25010.00","payhere_currency":"LKR","status_code":"2","md5sig":"SIMULATED_SIGNATURE","payment_id":"PAY-XLW1IG"}
[2026-03-22T11:43:28.339Z] [Payment Webhook DEBUG] Found EventVendor: 67ef3329-932c-4d1a-8004-39e59c7a5846, Current Status: APPROVED
[2026-03-22T11:43:28.340Z] [Payment Webhook DEBUG] Attempting EventVendor Update (status: ADVANCE_PAID, advancePaid: 25000)
[2026-03-22T11:43:28.348Z] [Payment Webhook DEBUG] Found EventVendor: 67ef3329-932c-4d1a-8004-39e59c7a5846, Current Status: APPROVED
[2026-03-22T11:43:28.349Z] [Payment Webhook DEBUG] Attempting EventVendor Update (status: ADVANCE_PAID, advancePaid: 25000)
[2026-03-22T11:43:28.372Z] [Payment Webhook DEBUG] EventVendor Update SUCCESS. New Status: ADVANCE_PAID
[2026-03-22T11:43:28.373Z] [Payment Webhook DEBUG] Attempting Transaction Creation. userId: 22222222-2222-2222-2222-222222222222
[2026-03-22T11:43:28.377Z] [Payment Webhook DEBUG] EventVendor Update SUCCESS. New Status: ADVANCE_PAID
[2026-03-22T11:43:28.378Z] [Payment Webhook DEBUG] Attempting Transaction Creation. userId: 22222222-2222-2222-2222-222222222222
[2026-03-22T11:43:28.398Z] [Payment Webhook DEBUG] Transaction Creation SUCCESS: 9c836bfd-f8e5-4579-9e98-69b18ee4c2f7
[2026-03-22T11:43:28.399Z] [Payment Webhook DEBUG] Proceeding to Notifications
[2026-03-22T11:43:28.405Z] [Payment Webhook DEBUG] Transaction Creation SUCCESS: d9a9d292-4b17-4cad-87c9-4a434262835b
[2026-03-22T11:43:28.406Z] [Payment Webhook DEBUG] Proceeding to Notifications
[2026-03-22T11:43:28.415Z] [Payment Webhook DEBUG] Vendor notification sent
[2026-03-22T11:43:28.424Z] [Payment Webhook DEBUG] Vendor notification sent
[2026-03-22T11:43:28.429Z] [Payment Webhook DEBUG] Client notification and socket sent
[2026-03-22T11:43:28.443Z] [Payment Webhook DEBUG] Client notification and socket sent
